---------- Date: 2019-08-27 06:47:58 ~ IP : ::1 ----------
REQUEST URI : /lukman/oc_2101/admin/index.php?route=extension/module&token=MGFa1ox4giyw6j8NE8YmdX9Y2o34UgRP
MOD DETAILS:
   modFile   : /opt/lampp/htdocs/lukman/oc_2101/vqmod/xml/onepagecheckout.xml
   id        : OnePage Checkout
   version   : v2.0
   vqmver    : 
   author    : Extensions Bazaar

File Name    : admin/controller/common/column_left.php(0)
VQModObject::applyMod - SEARCH NOT FOUND (ABORTING MOD): $extension = array();

----------------------------------------------------------------------


---------- Date: 2019-08-27 08:45:22 ~ IP : ::1 ----------
REQUEST URI : /lukman/oc_2101/admin/index.php?route=module/catalogrules&token=MGFa1ox4giyw6j8NE8YmdX9Y2o34UgRP
MOD DETAILS:
   modFile   : /opt/lampp/htdocs/lukman/oc_2101/vqmod/xml/onepagecheckout.xml
   id        : OnePage Checkout
   version   : v2.0
   vqmver    : 
   author    : Extensions Bazaar

File Name    : admin/controller/common/column_left.php(0)
VQModObject::applyMod - SEARCH NOT FOUND (ABORTING MOD): $extension = array();

----------------------------------------------------------------------


---------- Date: 2019-08-27 08:57:19 ~ IP : ::1 ----------
REQUEST URI : /lukman/oc_2101/admin/index.php?route=module/catalogrules&token=MGFa1ox4giyw6j8NE8YmdX9Y2o34UgRP
MOD DETAILS:
   modFile   : /opt/lampp/htdocs/lukman/oc_2101/vqmod/xml/onepagecheckout.xml
   id        : OnePage Checkout
   version   : v2.0
   vqmver    : 
   author    : Extensions Bazaar

File Name    : admin/controller/common/column_left.php(0)
VQModObject::applyMod - SEARCH NOT FOUND (ABORTING MOD): $extension = array();

----------------------------------------------------------------------


---------- Date: 2019-08-27 09:17:31 ~ IP : ::1 ----------
REQUEST URI : /lukman/oc_2101/admin/index.php?route=extension/module&token=MGFa1ox4giyw6j8NE8YmdX9Y2o34UgRP
MOD DETAILS:
   modFile   : /opt/lampp/htdocs/lukman/oc_2101/vqmod/xml/onepagecheckout.xml
   id        : OnePage Checkout
   version   : v2.0
   vqmver    : 
   author    : Extensions Bazaar

File Name    : admin/controller/common/column_left.php(0)
VQModObject::applyMod - SEARCH NOT FOUND (ABORTING MOD): $extension = array();

----------------------------------------------------------------------


---------- Date: 2019-08-27 09:25:57 ~ IP : ::1 ----------
REQUEST URI : /lukman/oc_2101/admin/index.php?route=catalog/product/edit&token=MGFa1ox4giyw6j8NE8YmdX9Y2o34UgRP&product_id=42
MOD DETAILS:
   modFile   : /opt/lampp/htdocs/lukman/oc_2101/vqmod/xml/onepagecheckout.xml
   id        : OnePage Checkout
   version   : v2.0
   vqmver    : 
   author    : Extensions Bazaar

File Name    : admin/controller/common/column_left.php(0)
VQModObject::applyMod - SEARCH NOT FOUND (ABORTING MOD): $extension = array();

----------------------------------------------------------------------


---------- Date: 2019-08-27 09:36:03 ~ IP : ::1 ----------
REQUEST URI : /lukman/oc_2101/admin/index.php?route=catalog/product/edit&token=MGFa1ox4giyw6j8NE8YmdX9Y2o34UgRP&product_id=43
MOD DETAILS:
   modFile   : /opt/lampp/htdocs/lukman/oc_2101/vqmod/xml/onepagecheckout.xml
   id        : OnePage Checkout
   version   : v2.0
   vqmver    : 
   author    : Extensions Bazaar

File Name    : admin/controller/common/column_left.php(0)
VQModObject::applyMod - SEARCH NOT FOUND (ABORTING MOD): $extension = array();

----------------------------------------------------------------------


---------- Date: 2019-08-27 11:52:28 ~ IP : ::1 ----------
REQUEST URI : /lukman/oc_2101/admin/index.php?route=module/catalogrules&token=MGFa1ox4giyw6j8NE8YmdX9Y2o34UgRP
MOD DETAILS:
   modFile   : /opt/lampp/htdocs/lukman/oc_2101/vqmod/xml/onepagecheckout.xml
   id        : OnePage Checkout
   version   : v2.0
   vqmver    : 
   author    : Extensions Bazaar

File Name    : admin/controller/common/column_left.php(0)
VQModObject::applyMod - SEARCH NOT FOUND (ABORTING MOD): $extension = array();

----------------------------------------------------------------------


---------- Date: 2019-08-27 12:02:01 ~ IP : ::1 ----------
REQUEST URI : /lukman/oc_2101/admin/index.php?route=extension/modification&token=MGFa1ox4giyw6j8NE8YmdX9Y2o34UgRP
MOD DETAILS:
   modFile   : /opt/lampp/htdocs/lukman/oc_2101/vqmod/xml/onepagecheckout.xml
   id        : OnePage Checkout
   version   : v2.0
   vqmver    : 
   author    : Extensions Bazaar

File Name    : admin/controller/common/column_left.php(0)
VQModObject::applyMod - SEARCH NOT FOUND (ABORTING MOD): $extension = array();

----------------------------------------------------------------------


---------- Date: 2019-08-27 12:23:14 ~ IP : ::1 ----------
REQUEST URI : /lukman/oc_2101/admin/index.php?route=module/catalogrules&token=MGFa1ox4giyw6j8NE8YmdX9Y2o34UgRP
MOD DETAILS:
   modFile   : /opt/lampp/htdocs/lukman/oc_2101/vqmod/xml/onepagecheckout.xml
   id        : OnePage Checkout
   version   : v2.0
   vqmver    : 
   author    : Extensions Bazaar

File Name    : admin/controller/common/column_left.php(0)
VQModObject::applyMod - SEARCH NOT FOUND (ABORTING MOD): $extension = array();

----------------------------------------------------------------------


---------- Date: 2019-08-27 12:25:08 ~ IP : ::1 ----------
REQUEST URI : /lukman/oc_2101/admin/index.php?route=extension/modification&token=MGFa1ox4giyw6j8NE8YmdX9Y2o34UgRP
MOD DETAILS:
   modFile   : /opt/lampp/htdocs/lukman/oc_2101/vqmod/xml/onepagecheckout.xml
   id        : OnePage Checkout
   version   : v2.0
   vqmver    : 
   author    : Extensions Bazaar

File Name    : admin/controller/common/column_left.php(0)
VQModObject::applyMod - SEARCH NOT FOUND (ABORTING MOD): $extension = array();

----------------------------------------------------------------------


---------- Date: 2019-08-27 13:31:41 ~ IP : ::1 ----------
REQUEST URI : /lukman/oc_2101/admin/index.php?route=module/catalogrules&token=MGFa1ox4giyw6j8NE8YmdX9Y2o34UgRP
MOD DETAILS:
   modFile   : /opt/lampp/htdocs/lukman/oc_2101/vqmod/xml/onepagecheckout.xml
   id        : OnePage Checkout
   version   : v2.0
   vqmver    : 
   author    : Extensions Bazaar

File Name    : admin/controller/common/column_left.php(0)
VQModObject::applyMod - SEARCH NOT FOUND (ABORTING MOD): $extension = array();

----------------------------------------------------------------------


---------- Date: 2019-08-27 13:40:17 ~ IP : ::1 ----------
REQUEST URI : /lukman/oc_2101/admin/index.php?route=catalog/product/edit&token=MGFa1ox4giyw6j8NE8YmdX9Y2o34UgRP&product_id=43
MOD DETAILS:
   modFile   : /opt/lampp/htdocs/lukman/oc_2101/vqmod/xml/onepagecheckout.xml
   id        : OnePage Checkout
   version   : v2.0
   vqmver    : 
   author    : Extensions Bazaar

File Name    : admin/controller/common/column_left.php(0)
VQModObject::applyMod - SEARCH NOT FOUND (ABORTING MOD): $extension = array();

----------------------------------------------------------------------


---------- Date: 2019-08-27 13:55:52 ~ IP : ::1 ----------
REQUEST URI : /lukman/oc_2101/admin/index.php?route=extension/module&token=MGFa1ox4giyw6j8NE8YmdX9Y2o34UgRP
MOD DETAILS:
   modFile   : /opt/lampp/htdocs/lukman/oc_2101/vqmod/xml/onepagecheckout.xml
   id        : OnePage Checkout
   version   : v2.0
   vqmver    : 
   author    : Extensions Bazaar

File Name    : admin/controller/common/column_left.php(0)
VQModObject::applyMod - SEARCH NOT FOUND (ABORTING MOD): $extension = array();

----------------------------------------------------------------------


---------- Date: 2019-08-27 14:06:53 ~ IP : ::1 ----------
REQUEST URI : /lukman/oc_2101/admin/index.php?route=extension/module&token=MGFa1ox4giyw6j8NE8YmdX9Y2o34UgRP
MOD DETAILS:
   modFile   : /opt/lampp/htdocs/lukman/oc_2101/vqmod/xml/onepagecheckout.xml
   id        : OnePage Checkout
   version   : v2.0
   vqmver    : 
   author    : Extensions Bazaar

File Name    : admin/controller/common/column_left.php(0)
VQModObject::applyMod - SEARCH NOT FOUND (ABORTING MOD): $extension = array();

----------------------------------------------------------------------


---------- Date: 2019-08-27 14:30:22 ~ IP : ::1 ----------
REQUEST URI : /lukman/oc_2101/admin/index.php?route=module/catalogrules&token=MGFa1ox4giyw6j8NE8YmdX9Y2o34UgRP
MOD DETAILS:
   modFile   : /opt/lampp/htdocs/lukman/oc_2101/vqmod/xml/onepagecheckout.xml
   id        : OnePage Checkout
   version   : v2.0
   vqmver    : 
   author    : Extensions Bazaar

File Name    : admin/controller/common/column_left.php(0)
VQModObject::applyMod - SEARCH NOT FOUND (ABORTING MOD): $extension = array();

----------------------------------------------------------------------


---------- Date: 2019-08-27 15:13:23 ~ IP : ::1 ----------
REQUEST URI : /lukman/oc_2101/admin/index.php?route=module/catalogrules&token=MGFa1ox4giyw6j8NE8YmdX9Y2o34UgRP
MOD DETAILS:
   modFile   : /opt/lampp/htdocs/lukman/oc_2101/vqmod/xml/onepagecheckout.xml
   id        : OnePage Checkout
   version   : v2.0
   vqmver    : 
   author    : Extensions Bazaar

File Name    : admin/controller/common/column_left.php(0)
VQModObject::applyMod - SEARCH NOT FOUND (ABORTING MOD): $extension = array();

----------------------------------------------------------------------


